2013/04/05 08:25:09 [error] [exception.CHttpException.404] exception 'CHttpException' with message 'Unable to resolve the request "gii".' in /var/www/usbp/protected/framework/web/CWebApplication.php:286
Stack trace:
#0 /var/www/usbp/protected/framework/web/CWebApplication.php(141): CWebApplication->runController('gii')
#1 /var/www/usbp/protected/framework/base/CApplication.php(169): CWebApplication->processRequest()
#2 /var/www/usbp/index.php(13): CApplication->run()
#3 {main}
REQUEST_URI=/usbp/index.php?r=gii
---
2013/04/05 08:40:22 [error] [exception.CException] exception 'CException' with message 'Alias "front.FrontModule" is invalid. Make sure it points to an existing PHP file and the file is readable.' in /var/www/usbp/protected/framework/YiiBase.php:316
Stack trace:
#0 /var/www/usbp/protected/framework/YiiBase.php(196): YiiBase::import('front.FrontModu...', true)
#1 /var/www/usbp/protected/framework/base/CModule.php(284): YiiBase::createComponent('front.FrontModu...', 'main/front', Object(MainModule), Array)
#2 /var/www/usbp/protected/framework/web/CWebApplication.php(337): CModule->getModule('front')
#3 /var/www/usbp/protected/framework/web/CWebApplication.php(338): CWebApplication->createController('front/', Object(MainModule))
#4 /var/www/usbp/protected/framework/web/CWebApplication.php(276): CWebApplication->createController('main/front')
#5 /var/www/usbp/protected/framework/web/CWebApplication.php(141): CWebApplication->runController('main/front')
#6 /var/www/usbp/protected/framework/base/CApplication.php(169): CWebApplication->processRequest()
#7 /var/www/usbp/index.php(13): CApplication->run()
#8 {main}
REQUEST_URI=/usbp/index.php?r=main/front
---
2013/04/06 06:29:29 [error] [exception.CHttpException.404] exception 'CHttpException' with message 'Unable to resolve the request "main/textfiles".' in /var/www/usbp/protected/framework/web/CWebApplication.php:286
Stack trace:
#0 /var/www/usbp/protected/framework/web/CWebApplication.php(141): CWebApplication->runController('main/textfiles')
#1 /var/www/usbp/protected/framework/base/CApplication.php(169): CWebApplication->processRequest()
#2 /var/www/usbp/index.php(13): CApplication->run()
#3 {main}
REQUEST_URI=/usbp/index.php?r=main/textfiles
---
2013/04/06 06:29:52 [error] [exception.CHttpException.404] exception 'CHttpException' with message 'Unable to resolve the request "main/pages/textfiles".' in /var/www/usbp/protected/framework/web/CWebApplication.php:286
Stack trace:
#0 /var/www/usbp/protected/framework/web/CWebApplication.php(141): CWebApplication->runController('main/pages/text...')
#1 /var/www/usbp/protected/framework/base/CApplication.php(169): CWebApplication->processRequest()
#2 /var/www/usbp/index.php(13): CApplication->run()
#3 {main}
REQUEST_URI=/usbp/index.php?r=main/pages/textfiles
---
2013/04/06 06:30:06 [error] [exception.CException] exception 'CException' with message 'PagesController cannot find the requested view "index".' in /var/www/usbp/protected/framework/web/CController.php:878
Stack trace:
#0 /var/www/usbp/protected/framework/web/CController.php(782): CController->renderPartial('index', NULL, true)
#1 /var/www/usbp/protected/modules/main/modules/front/controllers/PagesController.php(7): CController->render('index')
#2 /var/www/usbp/protected/framework/web/actions/CInlineAction.php(49): PagesController->actionTextFiles()
#3 /var/www/usbp/protected/framework/web/CController.php(308): CInlineAction->runWithParams(Array)
#4 /var/www/usbp/protected/framework/web/CController.php(286): CController->runAction(Object(CInlineAction))
#5 /var/www/usbp/protected/framework/web/CController.php(265): CController->runActionWithFilters(Object(CInlineAction), Array)
#6 /var/www/usbp/protected/framework/web/CWebApplication.php(282): CController->run('textfiles')
#7 /var/www/usbp/protected/framework/web/CWebApplication.php(141): CWebApplication->runController('main/front/page...')
#8 /var/www/usbp/protected/framework/base/CApplication.php(169): CWebApplication->processRequest()
#9 /var/www/usbp/index.php(13): CApplication->run()
#10 {main}
REQUEST_URI=/usbp/index.php?r=main/front/pages/textfiles
---
2013/04/06 06:31:12 [error] [exception.CException] exception 'CException' with message 'PagesController cannot find the requested view "index".' in /var/www/usbp/protected/framework/web/CController.php:878
Stack trace:
#0 /var/www/usbp/protected/framework/web/CController.php(782): CController->renderPartial('index', NULL, true)
#1 /var/www/usbp/protected/modules/main/modules/front/controllers/PagesController.php(7): CController->render('index')
#2 /var/www/usbp/protected/framework/web/actions/CInlineAction.php(49): PagesController->actionTextFiles()
#3 /var/www/usbp/protected/framework/web/CController.php(308): CInlineAction->runWithParams(Array)
#4 /var/www/usbp/protected/framework/web/CController.php(286): CController->runAction(Object(CInlineAction))
#5 /var/www/usbp/protected/framework/web/CController.php(265): CController->runActionWithFilters(Object(CInlineAction), Array)
#6 /var/www/usbp/protected/framework/web/CWebApplication.php(282): CController->run('textfiles')
#7 /var/www/usbp/protected/framework/web/CWebApplication.php(141): CWebApplication->runController('main/front/page...')
#8 /var/www/usbp/protected/framework/base/CApplication.php(169): CWebApplication->processRequest()
#9 /var/www/usbp/index.php(13): CApplication->run()
#10 {main}
REQUEST_URI=/usbp/index.php?r=main/front/pages/textfiles
---
2013/04/06 06:31:44 [error] [exception.CException] exception 'CException' with message 'PagesController cannot find the requested view "index".' in /var/www/usbp/protected/framework/web/CController.php:878
Stack trace:
#0 /var/www/usbp/protected/framework/web/CController.php(782): CController->renderPartial('index', NULL, true)
#1 /var/www/usbp/protected/modules/main/modules/front/controllers/PagesController.php(7): CController->render('index')
#2 /var/www/usbp/protected/framework/web/actions/CInlineAction.php(49): PagesController->actionTextFiles()
#3 /var/www/usbp/protected/framework/web/CController.php(308): CInlineAction->runWithParams(Array)
#4 /var/www/usbp/protected/framework/web/CController.php(286): CController->runAction(Object(CInlineAction))
#5 /var/www/usbp/protected/framework/web/CController.php(265): CController->runActionWithFilters(Object(CInlineAction), Array)
#6 /var/www/usbp/protected/framework/web/CWebApplication.php(282): CController->run('textfiles')
#7 /var/www/usbp/protected/framework/web/CWebApplication.php(141): CWebApplication->runController('main/front/page...')
#8 /var/www/usbp/protected/framework/base/CApplication.php(169): CWebApplication->processRequest()
#9 /var/www/usbp/index.php(13): CApplication->run()
#10 {main}
REQUEST_URI=/usbp/index.php?r=main/front/pages/textfiles
---
2013/04/06 06:32:04 [error] [exception.CException] exception 'CException' with message 'Property "DefaultController.breadcrumbs" is not defined.' in /var/www/usbp/protected/framework/base/CComponent.php:173
Stack trace:
#0 /var/www/usbp/protected/modules/main/views/default/index.php(4): CComponent->__set('breadcrumbs', Array)
#1 /var/www/usbp/protected/framework/web/CBaseController.php(126): require('/var/www/usbp/p...')
#2 /var/www/usbp/protected/framework/web/CBaseController.php(95): CBaseController->renderInternal('/var/www/usbp/p...', NULL, true)
#3 /var/www/usbp/protected/framework/web/CController.php(869): CBaseController->renderFile('/var/www/usbp/p...', NULL, true)
#4 /var/www/usbp/protected/framework/web/CController.php(782): CController->renderPartial('index', NULL, true)
#5 /var/www/usbp/protected/modules/main/controllers/DefaultController.php(7): CController->render('index')
#6 /var/www/usbp/protected/framework/web/actions/CInlineAction.php(49): DefaultController->actionIndex()
#7 /var/www/usbp/protected/framework/web/CController.php(308): CInlineAction->runWithParams(Array)
#8 /var/www/usbp/protected/framework/web/CController.php(286): CController->runAction(Object(CInlineAction))
#9 /var/www/usbp/protected/framework/web/CController.php(265): CController->runActionWithFilters(Object(CInlineAction), Array)
#10 /var/www/usbp/protected/framework/web/CWebApplication.php(282): CController->run('')
#11 /var/www/usbp/protected/framework/web/CWebApplication.php(141): CWebApplication->runController('main')
#12 /var/www/usbp/protected/framework/base/CApplication.php(169): CWebApplication->processRequest()
#13 /var/www/usbp/index.php(13): CApplication->run()
#14 {main}
REQUEST_URI=/usbp/index.php?r=main
---
2013/04/06 06:40:00 [error] [exception.CException] exception 'CException' with message 'PagesController cannot find the requested view "index".' in /var/www/usbp/protected/framework/web/CController.php:878
Stack trace:
#0 /var/www/usbp/protected/framework/web/CController.php(782): CController->renderPartial('index', NULL, true)
#1 /var/www/usbp/protected/modules/main/modules/front/controllers/PagesController.php(7): CController->render('index')
#2 /var/www/usbp/protected/framework/web/actions/CInlineAction.php(49): PagesController->actionTextFiles()
#3 /var/www/usbp/protected/framework/web/CController.php(308): CInlineAction->runWithParams(Array)
#4 /var/www/usbp/protected/framework/web/CController.php(286): CController->runAction(Object(CInlineAction))
#5 /var/www/usbp/protected/framework/web/CController.php(265): CController->runActionWithFilters(Object(CInlineAction), Array)
#6 /var/www/usbp/protected/framework/web/CWebApplication.php(282): CController->run('textfiles')
#7 /var/www/usbp/protected/framework/web/CWebApplication.php(141): CWebApplication->runController('main/front/page...')
#8 /var/www/usbp/protected/framework/base/CApplication.php(169): CWebApplication->processRequest()
#9 /var/www/usbp/index.php(13): CApplication->run()
#10 {main}
REQUEST_URI=/usbp/index.php?r=main/front/pages/textfiles
---
2013/04/06 06:45:01 [error] [exception.CException] exception 'CException' with message 'PagesController and its behaviors do not have a method or closure named "getLayout".' in /var/www/usbp/protected/framework/base/CComponent.php:265
Stack trace:
#0 /var/www/usbp/protected/modules/main/modules/front/controllers/PagesController.php(7): CComponent->__call('getLayout', Array)
#1 /var/www/usbp/protected/modules/main/modules/front/controllers/PagesController.php(7): PagesController->getLayout()
#2 /var/www/usbp/protected/framework/web/actions/CInlineAction.php(49): PagesController->actionTextFiles()
#3 /var/www/usbp/protected/framework/web/CController.php(308): CInlineAction->runWithParams(Array)
#4 /var/www/usbp/protected/framework/web/CController.php(286): CController->runAction(Object(CInlineAction))
#5 /var/www/usbp/protected/framework/web/CController.php(265): CController->runActionWithFilters(Object(CInlineAction), Array)
#6 /var/www/usbp/protected/framework/web/CWebApplication.php(282): CController->run('textfiles')
#7 /var/www/usbp/protected/framework/web/CWebApplication.php(141): CWebApplication->runController('main/front/page...')
#8 /var/www/usbp/protected/framework/base/CApplication.php(169): CWebApplication->processRequest()
#9 /var/www/usbp/index.php(13): CApplication->run()
#10 {main}
REQUEST_URI=/usbp/index.php?r=main/front/pages/textfiles
---
2013/04/06 06:45:34 [error] [exception.CException] exception 'CException' with message 'PagesController and its behaviors do not have a method or closure named "getLayoutPath".' in /var/www/usbp/protected/framework/base/CComponent.php:265
Stack trace:
#0 /var/www/usbp/protected/modules/main/modules/front/controllers/PagesController.php(7): CComponent->__call('getLayoutPath', Array)
#1 /var/www/usbp/protected/modules/main/modules/front/controllers/PagesController.php(7): PagesController->getLayoutPath()
#2 /var/www/usbp/protected/framework/web/actions/CInlineAction.php(49): PagesController->actionTextFiles()
#3 /var/www/usbp/protected/framework/web/CController.php(308): CInlineAction->runWithParams(Array)
#4 /var/www/usbp/protected/framework/web/CController.php(286): CController->runAction(Object(CInlineAction))
#5 /var/www/usbp/protected/framework/web/CController.php(265): CController->runActionWithFilters(Object(CInlineAction), Array)
#6 /var/www/usbp/protected/framework/web/CWebApplication.php(282): CController->run('textfiles')
#7 /var/www/usbp/protected/framework/web/CWebApplication.php(141): CWebApplication->runController('main/front/page...')
#8 /var/www/usbp/protected/framework/base/CApplication.php(169): CWebApplication->processRequest()
#9 /var/www/usbp/index.php(13): CApplication->run()
#10 {main}
REQUEST_URI=/usbp/index.php?r=main/front/pages/textfiles
---
2013/04/06 06:45:35 [error] [exception.CException] exception 'CException' with message 'PagesController and its behaviors do not have a method or closure named "getLayoutPath".' in /var/www/usbp/protected/framework/base/CComponent.php:265
Stack trace:
#0 /var/www/usbp/protected/modules/main/modules/front/controllers/PagesController.php(7): CComponent->__call('getLayoutPath', Array)
#1 /var/www/usbp/protected/modules/main/modules/front/controllers/PagesController.php(7): PagesController->getLayoutPath()
#2 /var/www/usbp/protected/framework/web/actions/CInlineAction.php(49): PagesController->actionTextFiles()
#3 /var/www/usbp/protected/framework/web/CController.php(308): CInlineAction->runWithParams(Array)
#4 /var/www/usbp/protected/framework/web/CController.php(286): CController->runAction(Object(CInlineAction))
#5 /var/www/usbp/protected/framework/web/CController.php(265): CController->runActionWithFilters(Object(CInlineAction), Array)
#6 /var/www/usbp/protected/framework/web/CWebApplication.php(282): CController->run('textfiles')
#7 /var/www/usbp/protected/framework/web/CWebApplication.php(141): CWebApplication->runController('main/front/page...')
#8 /var/www/usbp/protected/framework/base/CApplication.php(169): CWebApplication->processRequest()
#9 /var/www/usbp/index.php(13): CApplication->run()
#10 {main}
REQUEST_URI=/usbp/index.php?r=main/front/pages/textfiles
---
2013/04/06 06:50:57 [error] [exception.CException] exception 'CException' with message 'PagesController cannot find the requested view "index".' in /var/www/usbp/protected/framework/web/CController.php:878
Stack trace:
#0 /var/www/usbp/protected/framework/web/CController.php(782): CController->renderPartial('index', NULL, true)
#1 /var/www/usbp/protected/modules/main/modules/front/controllers/PagesController.php(7): CController->render('index')
#2 /var/www/usbp/protected/framework/web/actions/CInlineAction.php(49): PagesController->actionTextFiles()
#3 /var/www/usbp/protected/framework/web/CController.php(308): CInlineAction->runWithParams(Array)
#4 /var/www/usbp/protected/framework/web/CController.php(286): CController->runAction(Object(CInlineAction))
#5 /var/www/usbp/protected/framework/web/CController.php(265): CController->runActionWithFilters(Object(CInlineAction), Array)
#6 /var/www/usbp/protected/framework/web/CWebApplication.php(282): CController->run('textfiles')
#7 /var/www/usbp/protected/framework/web/CWebApplication.php(141): CWebApplication->runController('main/front/page...')
#8 /var/www/usbp/protected/framework/base/CApplication.php(169): CWebApplication->processRequest()
#9 /var/www/usbp/index.php(13): CApplication->run()
#10 {main}
REQUEST_URI=/usbp/index.php?r=main/front/pages/textfiles
---
